2025-12-06T18:06:53 | touched: LICENSE
2025-07-05T22:30:34 | touched: LICENSE
2025-06-06T08:05:24 | touched: README.md
2025-01-24T13:56:45 | touched: src/main.rs
2025-02-19T05:27:30 | touched: README.md
2025-05-18T14:44:53 | touched: src/lib.rs
2025-07-21T14:27:13 | touched: README.md
2025-03-01T11:48:16 | touched: LICENSE
2025-03-27T10:22:56 | touched: src/lib.rs
2025-05-01T22:23:06 | touched: src/lib.rs
2025-12-09T00:36:14 | touched: src/main.rs
2025-05-14T14:37:29 | touched: src/lib.rs
2025-01-28T02:42:31 | touched: LICENSE
2025-09-05T07:03:55 | touched: src/lib.rs
2025-05-12T11:52:29 | touched: src/main.rs
2025-02-23T06:10:53 | touched: README.md
2025-06-24T20:46:23 | touched: README.md
2025-05-27T04:26:06 | touched: LICENSE
2025-12-28T07:22:49 | touched: src/main.rs
2025-11-12T15:43:53 | touched: src/main.rs
2025-12-02T09:27:13 | touched: README.md
2025-02-13T06:30:33 | touched: src/main.rs
2025-10-28T16:50:37 | touched: src/main.rs
2025-11-26T11:41:07 | touched: Cargo.toml
2025-03-03T02:29:56 | touched: README.md
2025-07-11T00:41:46 | touched: LICENSE
2025-11-22T00:21:07 | touched: README.md
2025-08-21T11:52:40 | touched: Cargo.toml
2025-07-27T09:34:26 | touched: README.md
2025-02-01T22:40:10 | touched: README.md
2025-08-29T23:53:58 | touched: LICENSE
2025-03-06T18:37:11 | touched: README.md
2025-01-07T22:10:22 | touched: README.md
2025-02-17T16:26:27 | touched: README.md
2025-03-18T10:26:59 | touched: README.md
2025-02-05T18:05:01 | touched: Cargo.toml
2025-02-05T01:56:23 | touched: src/main.rs
2025-02-13T10:45:48 | touched: Cargo.toml
2025-01-25T06:07:48 | touched: LICENSE
2025-03-05T00:58:28 | touched: LICENSE
2025-07-07T13:00:18 | touched: src/main.rs
2025-06-21T10:49:24 | touched: src/main.rs
2025-01-03T13:15:29 | touched: LICENSE
2025-03-08T19:48:53 | touched: src/lib.rs
2025-01-30T20:23:13 | touched: src/main.rs
2025-12-17T00:12:19 | touched: Cargo.toml
2025-04-26T12:28:02 | touched: README.md
2025-02-09T23:48:16 | touched: src/main.rs
2025-05-18T01:54:45 | touched: src/main.rs
2025-12-26T17:34:42 | touched: src/lib.rs
2025-08-15T02:33:05 | touched: src/main.rs
2025-08-02T19:15:20 | touched: src/main.rs
2025-06-21T15:49:57 | touched: Cargo.toml
2026-01-04T14:52:23 | touched: src/lib.rs
2025-07-22T03:47:59 | touched: Cargo.toml
2025-10-12T05:55:25 | touched: LICENSE
2026-01-15T13:01:23 | touched: LICENSE
2026-01-15T00:05:53 | touched: src/main.rs
2025-12-20T06:08:29 | touched: src/main.rs
2025-01-31T07:09:12 | touched: README.md
2026-01-19T20:52:51 | touched: Cargo.toml
2025-07-25T17:27:31 | touched: src/lib.rs
2026-01-15T00:42:33 | touched: src/main.rs
2025-09-16T03:40:26 | touched: src/lib.rs
2026-01-19T00:52:04 | touched: src/main.rs
2025-08-05T14:23:07 | touched: README.md
2026-01-06T23:11:33 | touched: README.md
2025-11-06T18:37:29 | touched: README.md
2025-01-19T22:10:29 | touched: src/main.rs
2026-01-11T02:54:11 | touched: LICENSE
